Compilation failed:
    source file: '/home/dida/Desktop/OpneCV/opencv/sources/cmake/checks/cxx11.cpp'
    check option: ''
===== BUILD LOG =====
Change Dir: /home/dida/Desktop/OpneCV/opencv/CMakeFiles/CMakeTmp

Run Build Command:"/usr/bin/make" "cmTC_e78dc/fast"
/usr/bin/make -f CMakeFiles/cmTC_e78dc.dir/build.make CMakeFiles/cmTC_e78dc.dir/build
make[1]: Entering directory '/home/dida/Desktop/OpneCV/opencv/CMakeFiles/CMakeTmp'
Building CXX object CMakeFiles/cmTC_e78dc.dir/cxx11.cpp.o
/usr/bin/c++     -fPIE   -o CMakeFiles/cmTC_e78dc.dir/cxx11.cpp.o -c /home/dida/Desktop/OpneCV/opencv/sources/cmake/checks/cxx11.cpp
/home/dida/Desktop/OpneCV/opencv/sources/cmake/checks/cxx11.cpp:4:2: error: #error "C++11 is not supported"
 #error "C++11 is not supported"
  ^
/home/dida/Desktop/OpneCV/opencv/sources/cmake/checks/cxx11.cpp: In function ‘int main()’:
/home/dida/Desktop/OpneCV/opencv/sources/cmake/checks/cxx11.cpp:11:10: error: ‘res’ does not name a type
     auto res = test();
          ^
/home/dida/Desktop/OpneCV/opencv/sources/cmake/checks/cxx11.cpp:12:12: error: ‘res’ was not declared in this scope
     return res;
            ^
CMakeFiles/cmTC_e78dc.dir/build.make:65: recipe for target 'CMakeFiles/cmTC_e78dc.dir/cxx11.cpp.o' failed
make[1]: *** [CMakeFiles/cmTC_e78dc.dir/cxx11.cpp.o] Error 1
make[1]: Leaving directory '/home/dida/Desktop/OpneCV/opencv/CMakeFiles/CMakeTmp'
Makefile:126: recipe for target 'cmTC_e78dc/fast' failed
make: *** [cmTC_e78dc/fast] Error 2

===== END =====

Build output check failed:
    Regex: 'command line option .* is valid for .* but not for C\+\+'
    Output line: 'cc1plus: warning: command line option ‘-Wmissing-prototypes’ is valid for C/ObjC but not for C++'
Compilation failed:
    source file: '/home/dida/Desktop/OpneCV/opencv/CMakeFiles/CMakeTmp/src.cxx'
    check option: ' -fsigned-char -W -Wall -Werror=return-type -Werror=non-virtual-dtor -Werror=address -Werror=sequence-point -Wformat -Werror=format-security -Wmissing-declarations  -Wmissing-prototypes'
===== BUILD LOG =====
Change Dir: /home/dida/Desktop/OpneCV/opencv/CMakeFiles/CMakeTmp

Run Build Command:"/usr/bin/make" "cmTC_23d51/fast"
/usr/bin/make -f CMakeFiles/cmTC_23d51.dir/build.make CMakeFiles/cmTC_23d51.dir/build
make[1]: Entering directory '/home/dida/Desktop/OpneCV/opencv/CMakeFiles/CMakeTmp'
Building CXX object CMakeFiles/cmTC_23d51.dir/src.cxx.o
/usr/bin/c++     -O3 -DNDEBUG -fPIE   -fsigned-char -W -Wall -Werror=return-type -Werror=non-virtual-dtor -Werror=address -Werror=sequence-point -Wformat -Werror=format-security -Wmissing-declarations -Wmissing-prototypes -o CMakeFiles/cmTC_23d51.dir/src.cxx.o -c /home/dida/Desktop/OpneCV/opencv/CMakeFiles/CMakeTmp/src.cxx
cc1plus: warning: command line option ‘-Wmissing-prototypes’ is valid for C/ObjC but not for C++
/home/dida/Desktop/OpneCV/opencv/CMakeFiles/CMakeTmp/src.cxx:1:0: warning: ignoring #pragma   [-Wunknown-pragmas]
 #pragma
 ^
Linking CXX executable cmTC_23d51
/usr/bin/cmake -E cmake_link_script CMakeFiles/cmTC_23d51.dir/link.txt --verbose=1
/usr/bin/c++     -O3 -DNDEBUG    CMakeFiles/cmTC_23d51.dir/src.cxx.o  -o cmTC_23d51 -rdynamic 
make[1]: Leaving directory '/home/dida/Desktop/OpneCV/opencv/CMakeFiles/CMakeTmp'

===== END =====

Build output check failed:
    Regex: 'command line option .* is valid for .* but not for C\+\+'
    Output line: 'cc1plus: warning: command line option ‘-Wstrict-prototypes’ is valid for C/ObjC but not for C++'
Compilation failed:
    source file: '/home/dida/Desktop/OpneCV/opencv/CMakeFiles/CMakeTmp/src.cxx'
    check option: ' -fsigned-char -W -Wall -Werror=return-type -Werror=non-virtual-dtor -Werror=address -Werror=sequence-point -Wformat -Werror=format-security -Wmissing-declarations  -Wstrict-prototypes'
===== BUILD LOG =====
Change Dir: /home/dida/Desktop/OpneCV/opencv/CMakeFiles/CMakeTmp

Run Build Command:"/usr/bin/make" "cmTC_b6a12/fast"
/usr/bin/make -f CMakeFiles/cmTC_b6a12.dir/build.make CMakeFiles/cmTC_b6a12.dir/build
make[1]: Entering directory '/home/dida/Desktop/OpneCV/opencv/CMakeFiles/CMakeTmp'
Building CXX object CMakeFiles/cmTC_b6a12.dir/src.cxx.o
/usr/bin/c++     -O3 -DNDEBUG -fPIE   -fsigned-char -W -Wall -Werror=return-type -Werror=non-virtual-dtor -Werror=address -Werror=sequence-point -Wformat -Werror=format-security -Wmissing-declarations -Wstrict-prototypes -o CMakeFiles/cmTC_b6a12.dir/src.cxx.o -c /home/dida/Desktop/OpneCV/opencv/CMakeFiles/CMakeTmp/src.cxx
cc1plus: warning: command line option ‘-Wstrict-prototypes’ is valid for C/ObjC but not for C++
/home/dida/Desktop/OpneCV/opencv/CMakeFiles/CMakeTmp/src.cxx:1:0: warning: ignoring #pragma   [-Wunknown-pragmas]
 #pragma
 ^
Linking CXX executable cmTC_b6a12
/usr/bin/cmake -E cmake_link_script CMakeFiles/cmTC_b6a12.dir/link.txt --verbose=1
/usr/bin/c++     -O3 -DNDEBUG    CMakeFiles/cmTC_b6a12.dir/src.cxx.o  -o cmTC_b6a12 -rdynamic 
make[1]: Leaving directory '/home/dida/Desktop/OpneCV/opencv/CMakeFiles/CMakeTmp'

===== END =====

Build output check failed:
    Regex: 'command line option .* is valid for .* but not for C'
    Output line: 'cc1: warning: command line option ‘-Wsign-promo’ is valid for C++/ObjC++ but not for C'
Compilation failed:
    source file: '/home/dida/Desktop/OpneCV/opencv/CMakeFiles/CMakeTmp/src.c'
    check option: ' -fsigned-char -W -Wall -Werror=return-type -Werror=non-virtual-dtor -Werror=address -Werror=sequence-point -Wformat -Werror=format-security -Wmissing-declarations -Wmissing-prototypes -Wstrict-prototypes -Wundef -Winit-self -Wpointer-arith -Wshadow  -Wsign-promo'
===== BUILD LOG =====
Change Dir: /home/dida/Desktop/OpneCV/opencv/CMakeFiles/CMakeTmp

Run Build Command:"/usr/bin/make" "cmTC_9ec96/fast"
/usr/bin/make -f CMakeFiles/cmTC_9ec96.dir/build.make CMakeFiles/cmTC_9ec96.dir/build
make[1]: Entering directory '/home/dida/Desktop/OpneCV/opencv/CMakeFiles/CMakeTmp'
Building C object CMakeFiles/cmTC_9ec96.dir/src.c.o
/usr/bin/cc    -O3 -DNDEBUG -fPIE   -fsigned-char -W -Wall -Werror=return-type -Werror=non-virtual-dtor -Werror=address -Werror=sequence-point -Wformat -Werror=format-security -Wmissing-declarations -Wmissing-prototypes -Wstrict-prototypes -Wundef -Winit-self -Wpointer-arith -Wshadow -Wsign-promo -o CMakeFiles/cmTC_9ec96.dir/src.c.o   -c /home/dida/Desktop/OpneCV/opencv/CMakeFiles/CMakeTmp/src.c
cc1: warning: command line option ‘-Wsign-promo’ is valid for C++/ObjC++ but not for C
/home/dida/Desktop/OpneCV/opencv/CMakeFiles/CMakeTmp/src.c:1:0: warning: ignoring #pragma   [-Wunknown-pragmas]
 #pragma
 ^
Linking C executable cmTC_9ec96
/usr/bin/cmake -E cmake_link_script CMakeFiles/cmTC_9ec96.dir/link.txt --verbose=1
/usr/bin/cc    -O3 -DNDEBUG    CMakeFiles/cmTC_9ec96.dir/src.c.o  -o cmTC_9ec96 -rdynamic 
make[1]: Leaving directory '/home/dida/Desktop/OpneCV/opencv/CMakeFiles/CMakeTmp'

===== END =====

Build output check failed:
    Regex: 'command line option .* is valid for .* but not for C'
    Output line: 'cc1: warning: command line option ‘-Wno-delete-non-virtual-dtor’ is valid for C++/ObjC++ but not for C'
Compilation failed:
    source file: '/home/dida/Desktop/OpneCV/opencv/CMakeFiles/CMakeTmp/src.c'
    check option: ' -fsigned-char -W -Wall -Werror=return-type -Werror=non-virtual-dtor -Werror=address -Werror=sequence-point -Wformat -Werror=format-security -Wmissing-declarations -Wmissing-prototypes -Wstrict-prototypes -Wundef -Winit-self -Wpointer-arith -Wshadow -Wuninitialized -Winit-self -Wno-narrowing  -Wno-delete-non-virtual-dtor'
===== BUILD LOG =====
Change Dir: /home/dida/Desktop/OpneCV/opencv/CMakeFiles/CMakeTmp

Run Build Command:"/usr/bin/make" "cmTC_ba60c/fast"
/usr/bin/make -f CMakeFiles/cmTC_ba60c.dir/build.make CMakeFiles/cmTC_ba60c.dir/build
make[1]: Entering directory '/home/dida/Desktop/OpneCV/opencv/CMakeFiles/CMakeTmp'
Building C object CMakeFiles/cmTC_ba60c.dir/src.c.o
/usr/bin/cc    -O3 -DNDEBUG -fPIE   -fsigned-char -W -Wall -Werror=return-type -Werror=non-virtual-dtor -Werror=address -Werror=sequence-point -Wformat -Werror=format-security -Wmissing-declarations -Wmissing-prototypes -Wstrict-prototypes -Wundef -Winit-self -Wpointer-arith -Wshadow -Wuninitialized -Winit-self -Wno-narrowing -Wno-delete-non-virtual-dtor -o CMakeFiles/cmTC_ba60c.dir/src.c.o   -c /home/dida/Desktop/OpneCV/opencv/CMakeFiles/CMakeTmp/src.c
cc1: warning: command line option ‘-Wno-delete-non-virtual-dtor’ is valid for C++/ObjC++ but not for C
/home/dida/Desktop/OpneCV/opencv/CMakeFiles/CMakeTmp/src.c:1:0: warning: ignoring #pragma   [-Wunknown-pragmas]
 #pragma
 ^
Linking C executable cmTC_ba60c
/usr/bin/cmake -E cmake_link_script CMakeFiles/cmTC_ba60c.dir/link.txt --verbose=1
/usr/bin/cc    -O3 -DNDEBUG    CMakeFiles/cmTC_ba60c.dir/src.c.o  -o cmTC_ba60c -rdynamic 
make[1]: Leaving directory '/home/dida/Desktop/OpneCV/opencv/CMakeFiles/CMakeTmp'

===== END =====

Build output check failed:
    Regex: 'unrecognized .*option'
    Output line: 'cc1plus: warning: unrecognized command line option ‘-Wno-unnamed-type-template-args’'
Compilation failed:
    source file: '/home/dida/Desktop/OpneCV/opencv/CMakeFiles/CMakeTmp/src.cxx'
    check option: ' -fsigned-char -W -Wall -Werror=return-type -Werror=non-virtual-dtor -Werror=address -Werror=sequence-point -Wformat -Werror=format-security -Wmissing-declarations -Wundef -Winit-self -Wpointer-arith -Wshadow -Wsign-promo -Wuninitialized -Winit-self -Wno-narrowing -Wno-delete-non-virtual-dtor  -Wno-unnamed-type-template-args'
===== BUILD LOG =====
Change Dir: /home/dida/Desktop/OpneCV/opencv/CMakeFiles/CMakeTmp

Run Build Command:"/usr/bin/make" "cmTC_b71aa/fast"
/usr/bin/make -f CMakeFiles/cmTC_b71aa.dir/build.make CMakeFiles/cmTC_b71aa.dir/build
make[1]: Entering directory '/home/dida/Desktop/OpneCV/opencv/CMakeFiles/CMakeTmp'
Building CXX object CMakeFiles/cmTC_b71aa.dir/src.cxx.o
/usr/bin/c++     -O3 -DNDEBUG -fPIE   -fsigned-char -W -Wall -Werror=return-type -Werror=non-virtual-dtor -Werror=address -Werror=sequence-point -Wformat -Werror=format-security -Wmissing-declarations -Wundef -Winit-self -Wpointer-arith -Wshadow -Wsign-promo -Wuninitialized -Winit-self -Wno-narrowing -Wno-delete-non-virtual-dtor -Wno-unnamed-type-template-args -o CMakeFiles/cmTC_b71aa.dir/src.cxx.o -c /home/dida/Desktop/OpneCV/opencv/CMakeFiles/CMakeTmp/src.cxx
/home/dida/Desktop/OpneCV/opencv/CMakeFiles/CMakeTmp/src.cxx:1:0: warning: ignoring #pragma   [-Wunknown-pragmas]
 #pragma
 ^
cc1plus: warning: unrecognized command line option ‘-Wno-unnamed-type-template-args’
Linking CXX executable cmTC_b71aa
/usr/bin/cmake -E cmake_link_script CMakeFiles/cmTC_b71aa.dir/link.txt --verbose=1
/usr/bin/c++     -O3 -DNDEBUG    CMakeFiles/cmTC_b71aa.dir/src.cxx.o  -o cmTC_b71aa -rdynamic 
make[1]: Leaving directory '/home/dida/Desktop/OpneCV/opencv/CMakeFiles/CMakeTmp'

===== END =====

Build output check failed:
    Regex: 'unrecognized .*option'
    Output line: 'cc1: warning: unrecognized command line option "-Wno-unnamed-type-template-args"'
Compilation failed:
    source file: '/home/dida/Desktop/OpneCV/opencv/CMakeFiles/CMakeTmp/src.c'
    check option: ' -fsigned-char -W -Wall -Werror=return-type -Werror=non-virtual-dtor -Werror=address -Werror=sequence-point -Wformat -Werror=format-security -Wmissing-declarations -Wmissing-prototypes -Wstrict-prototypes -Wundef -Winit-self -Wpointer-arith -Wshadow -Wuninitialized -Winit-self -Wno-narrowing  -Wno-unnamed-type-template-args'
===== BUILD LOG =====
Change Dir: /home/dida/Desktop/OpneCV/opencv/CMakeFiles/CMakeTmp

Run Build Command:"/usr/bin/make" "cmTC_c0560/fast"
/usr/bin/make -f CMakeFiles/cmTC_c0560.dir/build.make CMakeFiles/cmTC_c0560.dir/build
make[1]: Entering directory '/home/dida/Desktop/OpneCV/opencv/CMakeFiles/CMakeTmp'
Building C object CMakeFiles/cmTC_c0560.dir/src.c.o
/usr/bin/cc    -O3 -DNDEBUG -fPIE   -fsigned-char -W -Wall -Werror=return-type -Werror=non-virtual-dtor -Werror=address -Werror=sequence-point -Wformat -Werror=format-security -Wmissing-declarations -Wmissing-prototypes -Wstrict-prototypes -Wundef -Winit-self -Wpointer-arith -Wshadow -Wuninitialized -Winit-self -Wno-narrowing -Wno-unnamed-type-template-args -o CMakeFiles/cmTC_c0560.dir/src.c.o   -c /home/dida/Desktop/OpneCV/opencv/CMakeFiles/CMakeTmp/src.c
/home/dida/Desktop/OpneCV/opencv/CMakeFiles/CMakeTmp/src.c:1:0: warning: ignoring #pragma   [-Wunknown-pragmas]
 #pragma
 ^
cc1: warning: unrecognized command line option "-Wno-unnamed-type-template-args"
Linking C executable cmTC_c0560
/usr/bin/cmake -E cmake_link_script CMakeFiles/cmTC_c0560.dir/link.txt --verbose=1
/usr/bin/cc    -O3 -DNDEBUG    CMakeFiles/cmTC_c0560.dir/src.c.o  -o cmTC_c0560 -rdynamic 
make[1]: Leaving directory '/home/dida/Desktop/OpneCV/opencv/CMakeFiles/CMakeTmp'

===== END =====

Build output check failed:
    Regex: 'unrecognized .*option'
    Output line: 'cc1plus: warning: unrecognized command line option ‘-Wno-implicit-fallthrough’'
Compilation failed:
    source file: '/home/dida/Desktop/OpneCV/opencv/CMakeFiles/CMakeTmp/src.cxx'
    check option: ' -fsigned-char -W -Wall -Werror=return-type -Werror=non-virtual-dtor -Werror=address -Werror=sequence-point -Wformat -Werror=format-security -Wmissing-declarations -Wundef -Winit-self -Wpointer-arith -Wshadow -Wsign-promo -Wuninitialized -Winit-self -Wno-narrowing -Wno-delete-non-virtual-dtor -Wno-comment  -Wno-implicit-fallthrough'
===== BUILD LOG =====
Change Dir: /home/dida/Desktop/OpneCV/opencv/CMakeFiles/CMakeTmp

Run Build Command:"/usr/bin/make" "cmTC_8e818/fast"
/usr/bin/make -f CMakeFiles/cmTC_8e818.dir/build.make CMakeFiles/cmTC_8e818.dir/build
make[1]: Entering directory '/home/dida/Desktop/OpneCV/opencv/CMakeFiles/CMakeTmp'
Building CXX object CMakeFiles/cmTC_8e818.dir/src.cxx.o
/usr/bin/c++     -O3 -DNDEBUG -fPIE   -fsigned-char -W -Wall -Werror=return-type -Werror=non-virtual-dtor -Werror=address -Werror=sequence-point -Wformat -Werror=format-security -Wmissing-declarations -Wundef -Winit-self -Wpointer-arith -Wshadow -Wsign-promo -Wuninitialized -Winit-self -Wno-narrowing -Wno-delete-non-virtual-dtor -Wno-comment -Wno-implicit-fallthrough -o CMakeFiles/cmTC_8e818.dir/src.cxx.o -c /home/dida/Desktop/OpneCV/opencv/CMakeFiles/CMakeTmp/src.cxx
/home/dida/Desktop/OpneCV/opencv/CMakeFiles/CMakeTmp/src.cxx:1:0: warning: ignoring #pragma   [-Wunknown-pragmas]
 #pragma
 ^
cc1plus: warning: unrecognized command line option ‘-Wno-implicit-fallthrough’
Linking CXX executable cmTC_8e818
/usr/bin/cmake -E cmake_link_script CMakeFiles/cmTC_8e818.dir/link.txt --verbose=1
/usr/bin/c++     -O3 -DNDEBUG    CMakeFiles/cmTC_8e818.dir/src.cxx.o  -o cmTC_8e818 -rdynamic 
make[1]: Leaving directory '/home/dida/Desktop/OpneCV/opencv/CMakeFiles/CMakeTmp'

===== END =====

Build output check failed:
    Regex: 'unrecognized .*option'
    Output line: 'cc1: warning: unrecognized command line option "-Wno-implicit-fallthrough"'
Compilation failed:
    source file: '/home/dida/Desktop/OpneCV/opencv/CMakeFiles/CMakeTmp/src.c'
    check option: ' -fsigned-char -W -Wall -Werror=return-type -Werror=non-virtual-dtor -Werror=address -Werror=sequence-point -Wformat -Werror=format-security -Wmissing-declarations -Wmissing-prototypes -Wstrict-prototypes -Wundef -Winit-self -Wpointer-arith -Wshadow -Wuninitialized -Winit-self -Wno-narrowing -Wno-comment  -Wno-implicit-fallthrough'
===== BUILD LOG =====
Change Dir: /home/dida/Desktop/OpneCV/opencv/CMakeFiles/CMakeTmp

Run Build Command:"/usr/bin/make" "cmTC_e169f/fast"
/usr/bin/make -f CMakeFiles/cmTC_e169f.dir/build.make CMakeFiles/cmTC_e169f.dir/build
make[1]: Entering directory '/home/dida/Desktop/OpneCV/opencv/CMakeFiles/CMakeTmp'
Building C object CMakeFiles/cmTC_e169f.dir/src.c.o
/usr/bin/cc    -O3 -DNDEBUG -fPIE   -fsigned-char -W -Wall -Werror=return-type -Werror=non-virtual-dtor -Werror=address -Werror=sequence-point -Wformat -Werror=format-security -Wmissing-declarations -Wmissing-prototypes -Wstrict-prototypes -Wundef -Winit-self -Wpointer-arith -Wshadow -Wuninitialized -Winit-self -Wno-narrowing -Wno-comment -Wno-implicit-fallthrough -o CMakeFiles/cmTC_e169f.dir/src.c.o   -c /home/dida/Desktop/OpneCV/opencv/CMakeFiles/CMakeTmp/src.c
/home/dida/Desktop/OpneCV/opencv/CMakeFiles/CMakeTmp/src.c:1:0: warning: ignoring #pragma   [-Wunknown-pragmas]
 #pragma
 ^
cc1: warning: unrecognized command line option "-Wno-implicit-fallthrough"
Linking C executable cmTC_e169f
/usr/bin/cmake -E cmake_link_script CMakeFiles/cmTC_e169f.dir/link.txt --verbose=1
/usr/bin/cc    -O3 -DNDEBUG    CMakeFiles/cmTC_e169f.dir/src.c.o  -o cmTC_e169f -rdynamic 
make[1]: Leaving directory '/home/dida/Desktop/OpneCV/opencv/CMakeFiles/CMakeTmp'

===== END =====

Build output check failed:
    Regex: 'command line option .* is valid for .* but not for C'
    Output line: 'cc1: warning: command line option ‘-fvisibility-inlines-hidden’ is valid for C++/ObjC++ but not for C'
Compilation failed:
    source file: '/home/dida/Desktop/OpneCV/opencv/CMakeFiles/CMakeTmp/src.c'
    check option: ' -fsigned-char -W -Wall -Werror=return-type -Werror=non-virtual-dtor -Werror=address -Werror=sequence-point -Wformat -Werror=format-security -Wmissing-declarations -Wmissing-prototypes -Wstrict-prototypes -Wundef -Winit-self -Wpointer-arith -Wshadow -Wuninitialized -Winit-self -Wno-narrowing -Wno-comment -fdiagnostics-show-option -Wno-long-long -pthread -fomit-frame-pointer -ffunction-sections -fdata-sections  -msse -msse2 -msse3 -fvisibility=hidden  -fvisibility-inlines-hidden'
===== BUILD LOG =====
Change Dir: /home/dida/Desktop/OpneCV/opencv/CMakeFiles/CMakeTmp

Run Build Command:"/usr/bin/make" "cmTC_28d0b/fast"
/usr/bin/make -f CMakeFiles/cmTC_28d0b.dir/build.make CMakeFiles/cmTC_28d0b.dir/build
make[1]: Entering directory '/home/dida/Desktop/OpneCV/opencv/CMakeFiles/CMakeTmp'
Building C object CMakeFiles/cmTC_28d0b.dir/src.c.o
/usr/bin/cc    -O3 -DNDEBUG -fPIE   -fsigned-char -W -Wall -Werror=return-type -Werror=non-virtual-dtor -Werror=address -Werror=sequence-point -Wformat -Werror=format-security -Wmissing-declarations -Wmissing-prototypes -Wstrict-prototypes -Wundef -Winit-self -Wpointer-arith -Wshadow -Wuninitialized -Winit-self -Wno-narrowing -Wno-comment -fdiagnostics-show-option -Wno-long-long -pthread -fomit-frame-pointer -ffunction-sections -fdata-sections -msse -msse2 -msse3 -fvisibility=hidden -fvisibility-inlines-hidden -o CMakeFiles/cmTC_28d0b.dir/src.c.o   -c /home/dida/Desktop/OpneCV/opencv/CMakeFiles/CMakeTmp/src.c
cc1: warning: command line option ‘-fvisibility-inlines-hidden’ is valid for C++/ObjC++ but not for C
/home/dida/Desktop/OpneCV/opencv/CMakeFiles/CMakeTmp/src.c:1:0: warning: ignoring #pragma   [-Wunknown-pragmas]
 #pragma
 ^
Linking C executable cmTC_28d0b
/usr/bin/cmake -E cmake_link_script CMakeFiles/cmTC_28d0b.dir/link.txt --verbose=1
/usr/bin/cc    -O3 -DNDEBUG    CMakeFiles/cmTC_28d0b.dir/src.c.o  -o cmTC_28d0b -rdynamic 
make[1]: Leaving directory '/home/dida/Desktop/OpneCV/opencv/CMakeFiles/CMakeTmp'

===== END =====

Determining if the system is big endian passed with the following output:
Change Dir: /home/dida/Desktop/OpneCV/opencv/CMakeFiles/CMakeTmp

Run Build Command:"/usr/bin/make" "cmTC_2f959/fast"
/usr/bin/make -f CMakeFiles/cmTC_2f959.dir/build.make CMakeFiles/cmTC_2f959.dir/build
make[1]: Entering directory '/home/dida/Desktop/OpneCV/opencv/CMakeFiles/CMakeTmp'
Building C object CMakeFiles/cmTC_2f959.dir/TestEndianess.c.o
/usr/bin/cc    -fsigned-char -W -Wall -Werror=return-type -Werror=non-virtual-dtor -Werror=address -Werror=sequence-point -Wformat -Werror=format-security -Wmissing-declarations -Wmissing-prototypes -Wstrict-prototypes -Wundef -Winit-self -Wpointer-arith -Wshadow -Wuninitialized -Winit-self -Wno-narrowing -Wno-comment -fdiagnostics-show-option -Wno-long-long -pthread -fomit-frame-pointer -ffunction-sections -fdata-sections  -msse -msse2 -msse3 -fvisibility=hidden  -O3 -DNDEBUG -fPIE   -o CMakeFiles/cmTC_2f959.dir/TestEndianess.c.o   -c /home/dida/Desktop/OpneCV/opencv/CMakeFiles/CMakeTmp/TestEndianess.c
Linking C executable cmTC_2f959
/usr/bin/cmake -E cmake_link_script CMakeFiles/cmTC_2f959.dir/link.txt --verbose=1
/usr/bin/cc     -fsigned-char -W -Wall -Werror=return-type -Werror=non-virtual-dtor -Werror=address -Werror=sequence-point -Wformat -Werror=format-security -Wmissing-declarations -Wmissing-prototypes -Wstrict-prototypes -Wundef -Winit-self -Wpointer-arith -Wshadow -Wuninitialized -Winit-self -Wno-narrowing -Wno-comment -fdiagnostics-show-option -Wno-long-long -pthread -fomit-frame-pointer -ffunction-sections -fdata-sections  -msse -msse2 -msse3 -fvisibility=hidden  -O3 -DNDEBUG    -Wl,--gc-sections  CMakeFiles/cmTC_2f959.dir/TestEndianess.c.o  -o cmTC_2f959 -rdynamic 
make[1]: Leaving directory '/home/dida/Desktop/OpneCV/opencv/CMakeFiles/CMakeTmp'

TestEndianess.c:
/* A 16 bit integer is required. */
typedef unsigned short cmakeint16;

/* On a little endian machine, these 16bit ints will give "THIS IS LITTLE ENDIAN."
   On a big endian machine the characters will be exchanged pairwise. */
const cmakeint16 info_little[] =  {0x4854, 0x5349, 0x4920, 0x2053, 0x494c, 0x5454, 0x454c, 0x4520, 0x444e, 0x4149, 0x2e4e, 0x0000};

/* on a big endian machine, these 16bit ints will give "THIS IS BIG ENDIAN."
   On a little endian machine the characters will be exchanged pairwise. */
const cmakeint16 info_big[] =     {0x5448, 0x4953, 0x2049, 0x5320, 0x4249, 0x4720, 0x454e, 0x4449, 0x414e, 0x2e2e, 0x0000};

#ifdef __CLASSIC_C__
int main(argc, argv) int argc; char *argv[];
#else
int main(int argc, char *argv[])
#endif
{
  int require = 0;
  require += info_little[argc];
  require += info_big[argc];
  (void)argv;
  return require;
}


Build output check failed:
    Regex: 'unrecognized .*option'
    Output line: 'cc1: warning: unrecognized command line option "-Wno-shift-negative-value"'
Compilation failed:
    source file: '/home/dida/Desktop/OpneCV/opencv/CMakeFiles/CMakeTmp/src.c'
    check option: ' -Wno-shift-negative-value'
===== BUILD LOG =====
Change Dir: /home/dida/Desktop/OpneCV/opencv/CMakeFiles/CMakeTmp

Run Build Command:"/usr/bin/make" "cmTC_1e571/fast"
/usr/bin/make -f CMakeFiles/cmTC_1e571.dir/build.make CMakeFiles/cmTC_1e571.dir/build
make[1]: Entering directory '/home/dida/Desktop/OpneCV/opencv/CMakeFiles/CMakeTmp'
Building C object CMakeFiles/cmTC_1e571.dir/src.c.o
/usr/bin/cc    -fsigned-char -W -Wall -Werror=return-type -Werror=non-virtual-dtor -Werror=address -Werror=sequence-point -Wformat -Werror=format-security -Wmissing-declarations -Wmissing-prototypes -Wstrict-prototypes -Wundef -Winit-self -Wpointer-arith  -Wuninitialized -Winit-self -Wno-narrowing -Wno-comment -fdiagnostics-show-option -Wno-long-long -pthread -fomit-frame-pointer -ffunction-sections -fdata-sections  -msse -msse2 -msse3 -fvisibility=hidden -Wno-cast-align -Wno-shadow -Wno-unused  -O3 -DNDEBUG -fPIE   -Wno-shift-negative-value -o CMakeFiles/cmTC_1e571.dir/src.c.o   -c /home/dida/Desktop/OpneCV/opencv/CMakeFiles/CMakeTmp/src.c
/home/dida/Desktop/OpneCV/opencv/CMakeFiles/CMakeTmp/src.c:1:0: warning: ignoring #pragma   [-Wunknown-pragmas]
 #pragma
 ^
cc1: warning: unrecognized command line option "-Wno-shift-negative-value"
Linking C executable cmTC_1e571
/usr/bin/cmake -E cmake_link_script CMakeFiles/cmTC_1e571.dir/link.txt --verbose=1
/usr/bin/cc     -fsigned-char -W -Wall -Werror=return-type -Werror=non-virtual-dtor -Werror=address -Werror=sequence-point -Wformat -Werror=format-security -Wmissing-declarations -Wmissing-prototypes -Wstrict-prototypes -Wundef -Winit-self -Wpointer-arith  -Wuninitialized -Winit-self -Wno-narrowing -Wno-comment -fdiagnostics-show-option -Wno-long-long -pthread -fomit-frame-pointer -ffunction-sections -fdata-sections  -msse -msse2 -msse3 -fvisibility=hidden -Wno-cast-align -Wno-shadow -Wno-unused  -O3 -DNDEBUG    -Wl,--gc-sections  CMakeFiles/cmTC_1e571.dir/src.c.o  -o cmTC_1e571 -rdynamic 
make[1]: Leaving directory '/home/dida/Desktop/OpneCV/opencv/CMakeFiles/CMakeTmp'

===== END =====

Determining if the include file io.h exists failed with the following output:
Change Dir: /home/dida/Desktop/OpneCV/opencv/CMakeFiles/CMakeTmp

Run Build Command:"/usr/bin/make" "cmTC_abcea/fast"
/usr/bin/make -f CMakeFiles/cmTC_abcea.dir/build.make CMakeFiles/cmTC_abcea.dir/build
make[1]: Entering directory '/home/dida/Desktop/OpneCV/opencv/CMakeFiles/CMakeTmp'
Building C object CMakeFiles/cmTC_abcea.dir/CheckIncludeFile.c.o
/usr/bin/cc    -fsigned-char -W -Wall -Werror=return-type -Werror=non-virtual-dtor -Werror=address -Werror=sequence-point -Wformat -Werror=format-security -Wmissing-declarations -Wmissing-prototypes -Wstrict-prototypes -Wundef -Winit-self -Wpointer-arith -Wshadow -Wuninitialized -Winit-self -Wno-narrowing -Wno-comment -fdiagnostics-show-option -Wno-long-long -pthread -fomit-frame-pointer -ffunction-sections -fdata-sections  -msse -msse2 -msse3 -fvisibility=hidden  -O3 -DNDEBUG -fPIE   -o CMakeFiles/cmTC_abcea.dir/CheckIncludeFile.c.o   -c /home/dida/Desktop/OpneCV/opencv/CMakeFiles/CMakeTmp/CheckIncludeFile.c
/home/dida/Desktop/OpneCV/opencv/CMakeFiles/CMakeTmp/CheckIncludeFile.c:1:16: fatal error: io.h: No such file or directory
 #include <io.h>
                ^
compilation terminated.
CMakeFiles/cmTC_abcea.dir/build.make:65: recipe for target 'CMakeFiles/cmTC_abcea.dir/CheckIncludeFile.c.o' failed
make[1]: *** [CMakeFiles/cmTC_abcea.dir/CheckIncludeFile.c.o] Error 1
make[1]: Leaving directory '/home/dida/Desktop/OpneCV/opencv/CMakeFiles/CMakeTmp'
Makefile:126: recipe for target 'cmTC_abcea/fast' failed
make: *** [cmTC_abcea/fast] Error 2


Determining size of INT8 failed with the following output:
Change Dir: /home/dida/Desktop/OpneCV/opencv/CMakeFiles/CMakeTmp

Run Build Command:"/usr/bin/make" "cmTC_d6b9d/fast"
/usr/bin/make -f CMakeFiles/cmTC_d6b9d.dir/build.make CMakeFiles/cmTC_d6b9d.dir/build
make[1]: Entering directory '/home/dida/Desktop/OpneCV/opencv/CMakeFiles/CMakeTmp'
Building C object CMakeFiles/cmTC_d6b9d.dir/int8.c.o
/usr/bin/cc    -fsigned-char -W -Wall -Werror=return-type -Werror=non-virtual-dtor -Werror=address -Werror=sequence-point -Wformat -Werror=format-security -Wmissing-declarations -Wmissing-prototypes -Wstrict-prototypes -Wundef -Winit-self -Wpointer-arith -Wshadow -Wuninitialized -Winit-self -Wno-narrowing -Wno-comment -fdiagnostics-show-option -Wno-long-long -pthread -fomit-frame-pointer -ffunction-sections -fdata-sections  -msse -msse2 -msse3 -fvisibility=hidden  -O3 -DNDEBUG -fPIE   -o CMakeFiles/cmTC_d6b9d.dir/int8.c.o   -c /home/dida/Desktop/OpneCV/opencv/CMakeFiles/CheckTypeSize/int8.c
/home/dida/Desktop/OpneCV/opencv/CMakeFiles/CheckTypeSize/int8.c:17:22: error: ‘INT8’ undeclared here (not in a function)
 #define SIZE (sizeof(INT8))
                      ^
/home/dida/Desktop/OpneCV/opencv/CMakeFiles/CheckTypeSize/int8.c:19:12: note: in expansion of macro ‘SIZE’
   ('0' + ((SIZE / 10000)%10)),
            ^
CMakeFiles/cmTC_d6b9d.dir/build.make:65: recipe for target 'CMakeFiles/cmTC_d6b9d.dir/int8.c.o' failed
make[1]: *** [CMakeFiles/cmTC_d6b9d.dir/int8.c.o] Error 1
make[1]: Leaving directory '/home/dida/Desktop/OpneCV/opencv/CMakeFiles/CMakeTmp'
Makefile:126: recipe for target 'cmTC_d6b9d/fast' failed
make: *** [cmTC_d6b9d/fast] Error 2

/home/dida/Desktop/OpneCV/opencv/CMakeFiles/CheckTypeSize/int8.c:
#include <sys/types.h>
#include <stdint.h>
#include <stddef.h>


#undef KEY
#if defined(__i386)
# define KEY '_','_','i','3','8','6'
#elif defined(__x86_64)
# define KEY '_','_','x','8','6','_','6','4'
#elif defined(__ppc__)
# define KEY '_','_','p','p','c','_','_'
#elif defined(__ppc64__)
# define KEY '_','_','p','p','c','6','4','_','_'
#endif

#define SIZE (sizeof(INT8))
char info_size[] =  {'I', 'N', 'F', 'O', ':', 's','i','z','e','[',
  ('0' + ((SIZE / 10000)%10)),
  ('0' + ((SIZE / 1000)%10)),
  ('0' + ((SIZE / 100)%10)),
  ('0' + ((SIZE / 10)%10)),
  ('0' +  (SIZE    % 10)),
  ']',
#ifdef KEY
  ' ','k','e','y','[', KEY, ']',
#endif
  '\0'};

#ifdef __CLASSIC_C__
int main(argc, argv) int argc; char *argv[];
#else
int main(int argc, char *argv[])
#endif
{
  int require = 0;
  require += info_size[argc];
  (void)argv;
  return require;
}


Determining size of INT16 failed with the following output:
Change Dir: /home/dida/Desktop/OpneCV/opencv/CMakeFiles/CMakeTmp

Run Build Command:"/usr/bin/make" "cmTC_6d3a7/fast"
/usr/bin/make -f CMakeFiles/cmTC_6d3a7.dir/build.make CMakeFiles/cmTC_6d3a7.dir/build
make[1]: Entering directory '/home/dida/Desktop/OpneCV/opencv/CMakeFiles/CMakeTmp'
Building C object CMakeFiles/cmTC_6d3a7.dir/int16.c.o
/usr/bin/cc    -fsigned-char -W -Wall -Werror=return-type -Werror=non-virtual-dtor -Werror=address -Werror=sequence-point -Wformat -Werror=format-security -Wmissing-declarations -Wmissing-prototypes -Wstrict-prototypes -Wundef -Winit-self -Wpointer-arith -Wshadow -Wuninitialized -Winit-self -Wno-narrowing -Wno-comment -fdiagnostics-show-option -Wno-long-long -pthread -fomit-frame-pointer -ffunction-sections -fdata-sections  -msse -msse2 -msse3 -fvisibility=hidden  -O3 -DNDEBUG -fPIE   -o CMakeFiles/cmTC_6d3a7.dir/int16.c.o   -c /home/dida/Desktop/OpneCV/opencv/CMakeFiles/CheckTypeSize/int16.c
/home/dida/Desktop/OpneCV/opencv/CMakeFiles/CheckTypeSize/int16.c:17:22: error: ‘INT16’ undeclared here (not in a function)
 #define SIZE (sizeof(INT16))
                      ^
/home/dida/Desktop/OpneCV/opencv/CMakeFiles/CheckTypeSize/int16.c:19:12: note: in expansion of macro ‘SIZE’
   ('0' + ((SIZE / 10000)%10)),
            ^
CMakeFiles/cmTC_6d3a7.dir/build.make:65: recipe for target 'CMakeFiles/cmTC_6d3a7.dir/int16.c.o' failed
make[1]: *** [CMakeFiles/cmTC_6d3a7.dir/int16.c.o] Error 1
make[1]: Leaving directory '/home/dida/Desktop/OpneCV/opencv/CMakeFiles/CMakeTmp'
Makefile:126: recipe for target 'cmTC_6d3a7/fast' failed
make: *** [cmTC_6d3a7/fast] Error 2

/home/dida/Desktop/OpneCV/opencv/CMakeFiles/CheckTypeSize/int16.c:
#include <sys/types.h>
#include <stdint.h>
#include <stddef.h>


#undef KEY
#if defined(__i386)
# define KEY '_','_','i','3','8','6'
#elif defined(__x86_64)
# define KEY '_','_','x','8','6','_','6','4'
#elif defined(__ppc__)
# define KEY '_','_','p','p','c','_','_'
#elif defined(__ppc64__)
# define KEY '_','_','p','p','c','6','4','_','_'
#endif

#define SIZE (sizeof(INT16))
char info_size[] =  {'I', 'N', 'F', 'O', ':', 's','i','z','e','[',
  ('0' + ((SIZE / 10000)%10)),
  ('0' + ((SIZE / 1000)%10)),
  ('0' + ((SIZE / 100)%10)),
  ('0' + ((SIZE / 10)%10)),
  ('0' +  (SIZE    % 10)),
  ']',
#ifdef KEY
  ' ','k','e','y','[', KEY, ']',
#endif
  '\0'};

#ifdef __CLASSIC_C__
int main(argc, argv) int argc; char *argv[];
#else
int main(int argc, char *argv[])
#endif
{
  int require = 0;
  require += info_size[argc];
  (void)argv;
  return require;
}


Determining size of INT32 failed with the following output:
Change Dir: /home/dida/Desktop/OpneCV/opencv/CMakeFiles/CMakeTmp

Run Build Command:"/usr/bin/make" "cmTC_7b3ec/fast"
/usr/bin/make -f CMakeFiles/cmTC_7b3ec.dir/build.make CMakeFiles/cmTC_7b3ec.dir/build
make[1]: Entering directory '/home/dida/Desktop/OpneCV/opencv/CMakeFiles/CMakeTmp'
Building C object CMakeFiles/cmTC_7b3ec.dir/int32.c.o
/usr/bin/cc    -fsigned-char -W -Wall -Werror=return-type -Werror=non-virtual-dtor -Werror=address -Werror=sequence-point -Wformat -Werror=format-security -Wmissing-declarations -Wmissing-prototypes -Wstrict-prototypes -Wundef -Winit-self -Wpointer-arith -Wshadow -Wuninitialized -Winit-self -Wno-narrowing -Wno-comment -fdiagnostics-show-option -Wno-long-long -pthread -fomit-frame-pointer -ffunction-sections -fdata-sections  -msse -msse2 -msse3 -fvisibility=hidden  -O3 -DNDEBUG -fPIE   -o CMakeFiles/cmTC_7b3ec.dir/int32.c.o   -c /home/dida/Desktop/OpneCV/opencv/CMakeFiles/CheckTypeSize/int32.c
/home/dida/Desktop/OpneCV/opencv/CMakeFiles/CheckTypeSize/int32.c:17:22: error: ‘INT32’ undeclared here (not in a function)
 #define SIZE (sizeof(INT32))
                      ^
/home/dida/Desktop/OpneCV/opencv/CMakeFiles/CheckTypeSize/int32.c:19:12: note: in expansion of macro ‘SIZE’
   ('0' + ((SIZE / 10000)%10)),
            ^
CMakeFiles/cmTC_7b3ec.dir/build.make:65: recipe for target 'CMakeFiles/cmTC_7b3ec.dir/int32.c.o' failed
make[1]: *** [CMakeFiles/cmTC_7b3ec.dir/int32.c.o] Error 1
make[1]: Leaving directory '/home/dida/Desktop/OpneCV/opencv/CMakeFiles/CMakeTmp'
Makefile:126: recipe for target 'cmTC_7b3ec/fast' failed
make: *** [cmTC_7b3ec/fast] Error 2

/home/dida/Desktop/OpneCV/opencv/CMakeFiles/CheckTypeSize/int32.c:
#include <sys/types.h>
#include <stdint.h>
#include <stddef.h>


#undef KEY
#if defined(__i386)
# define KEY '_','_','i','3','8','6'
#elif defined(__x86_64)
# define KEY '_','_','x','8','6','_','6','4'
#elif defined(__ppc__)
# define KEY '_','_','p','p','c','_','_'
#elif defined(__ppc64__)
# define KEY '_','_','p','p','c','6','4','_','_'
#endif

#define SIZE (sizeof(INT32))
char info_size[] =  {'I', 'N', 'F', 'O', ':', 's','i','z','e','[',
  ('0' + ((SIZE / 10000)%10)),
  ('0' + ((SIZE / 1000)%10)),
  ('0' + ((SIZE / 100)%10)),
  ('0' + ((SIZE / 10)%10)),
  ('0' +  (SIZE    % 10)),
  ']',
#ifdef KEY
  ' ','k','e','y','[', KEY, ']',
#endif
  '\0'};

#ifdef __CLASSIC_C__
int main(argc, argv) int argc; char *argv[];
#else
int main(int argc, char *argv[])
#endif
{
  int require = 0;
  require += info_size[argc];
  (void)argv;
  return require;
}


Determining if the function setmode exists failed with the following output:
Change Dir: /home/dida/Desktop/OpneCV/opencv/CMakeFiles/CMakeTmp

Run Build Command:"/usr/bin/make" "cmTC_33a95/fast"
/usr/bin/make -f CMakeFiles/cmTC_33a95.dir/build.make CMakeFiles/cmTC_33a95.dir/build
make[1]: Entering directory '/home/dida/Desktop/OpneCV/opencv/CMakeFiles/CMakeTmp'
Building C object CMakeFiles/cmTC_33a95.dir/CheckFunctionExists.c.o
/usr/bin/cc    -fsigned-char -W -Wall -Werror=return-type -Werror=non-virtual-dtor -Werror=address -Werror=sequence-point -Wformat -Werror=format-security -Wmissing-declarations -Wmissing-prototypes -Wstrict-prototypes -Wundef -Winit-self -Wpointer-arith -Wshadow -Wuninitialized -Winit-self -Wno-narrowing -Wno-comment -fdiagnostics-show-option -Wno-long-long -pthread -fomit-frame-pointer -ffunction-sections -fdata-sections  -msse -msse2 -msse3 -fvisibility=hidden -DCHECK_FUNCTION_EXISTS=setmode -O3 -DNDEBUG -fPIE   -o CMakeFiles/cmTC_33a95.dir/CheckFunctionExists.c.o   -c /usr/share/cmake-3.5/Modules/CheckFunctionExists.c
/usr/share/cmake-3.5/Modules/CheckFunctionExists.c:6:1: warning: function declaration isn’t a prototype [-Wstrict-prototypes]
 char CHECK_FUNCTION_EXISTS();
 ^
Linking C executable cmTC_33a95
/usr/bin/cmake -E cmake_link_script CMakeFiles/cmTC_33a95.dir/link.txt --verbose=1
/usr/bin/cc     -fsigned-char -W -Wall -Werror=return-type -Werror=non-virtual-dtor -Werror=address -Werror=sequence-point -Wformat -Werror=format-security -Wmissing-declarations -Wmissing-prototypes -Wstrict-prototypes -Wundef -Winit-self -Wpointer-arith -Wshadow -Wuninitialized -Winit-self -Wno-narrowing -Wno-comment -fdiagnostics-show-option -Wno-long-long -pthread -fomit-frame-pointer -ffunction-sections -fdata-sections  -msse -msse2 -msse3 -fvisibility=hidden -DCHECK_FUNCTION_EXISTS=setmode -O3 -DNDEBUG    -Wl,--gc-sections  CMakeFiles/cmTC_33a95.dir/CheckFunctionExists.c.o  -o cmTC_33a95 -rdynamic 
CMakeFiles/cmTC_33a95.dir/CheckFunctionExists.c.o: In function `main':
CheckFunctionExists.c:(.text.startup.main+0xe): undefined reference to `setmode'
collect2: error: ld returned 1 exit status
CMakeFiles/cmTC_33a95.dir/build.make:97: recipe for target 'cmTC_33a95' failed
make[1]: *** [cmTC_33a95] Error 1
make[1]: Leaving directory '/home/dida/Desktop/OpneCV/opencv/CMakeFiles/CMakeTmp'
Makefile:126: recipe for target 'cmTC_33a95/fast' failed
make: *** [cmTC_33a95/fast] Error 2


Determining if the system is big endian passed with the following output:
Change Dir: /home/dida/Desktop/OpneCV/opencv/CMakeFiles/CMakeTmp

Run Build Command:"/usr/bin/make" "cmTC_78701/fast"
/usr/bin/make -f CMakeFiles/cmTC_78701.dir/build.make CMakeFiles/cmTC_78701.dir/build
make[1]: Entering directory '/home/dida/Desktop/OpneCV/opencv/CMakeFiles/CMakeTmp'
Building C object CMakeFiles/cmTC_78701.dir/TestEndianess.c.o
/usr/bin/cc    -fsigned-char -W -Wall -Werror=return-type -Werror=non-virtual-dtor -Werror=address -Werror=sequence-point -Wformat -Werror=format-security -Wmissing-declarations -Wmissing-prototypes -Wstrict-prototypes -Wundef -Winit-self -Wpointer-arith -Wshadow -Wuninitialized -Winit-self -Wno-narrowing -Wno-comment -fdiagnostics-show-option -Wno-long-long -pthread -fomit-frame-pointer -ffunction-sections -fdata-sections  -msse -msse2 -msse3 -fvisibility=hidden  -O3 -DNDEBUG -fPIE   -o CMakeFiles/cmTC_78701.dir/TestEndianess.c.o   -c /home/dida/Desktop/OpneCV/opencv/CMakeFiles/CMakeTmp/TestEndianess.c
Linking C executable cmTC_78701
/usr/bin/cmake -E cmake_link_script CMakeFiles/cmTC_78701.dir/link.txt --verbose=1
/usr/bin/cc     -fsigned-char -W -Wall -Werror=return-type -Werror=non-virtual-dtor -Werror=address -Werror=sequence-point -Wformat -Werror=format-security -Wmissing-declarations -Wmissing-prototypes -Wstrict-prototypes -Wundef -Winit-self -Wpointer-arith -Wshadow -Wuninitialized -Winit-self -Wno-narrowing -Wno-comment -fdiagnostics-show-option -Wno-long-long -pthread -fomit-frame-pointer -ffunction-sections -fdata-sections  -msse -msse2 -msse3 -fvisibility=hidden  -O3 -DNDEBUG    -Wl,--gc-sections  CMakeFiles/cmTC_78701.dir/TestEndianess.c.o  -o cmTC_78701 -rdynamic 
make[1]: Leaving directory '/home/dida/Desktop/OpneCV/opencv/CMakeFiles/CMakeTmp'

TestEndianess.c:
/* A 16 bit integer is required. */
typedef unsigned short cmakeint16;

/* On a little endian machine, these 16bit ints will give "THIS IS LITTLE ENDIAN."
   On a big endian machine the characters will be exchanged pairwise. */
const cmakeint16 info_little[] =  {0x4854, 0x5349, 0x4920, 0x2053, 0x494c, 0x5454, 0x454c, 0x4520, 0x444e, 0x4149, 0x2e4e, 0x0000};

/* on a big endian machine, these 16bit ints will give "THIS IS BIG ENDIAN."
   On a little endian machine the characters will be exchanged pairwise. */
const cmakeint16 info_big[] =     {0x5448, 0x4953, 0x2049, 0x5320, 0x4249, 0x4720, 0x454e, 0x4449, 0x414e, 0x2e2e, 0x0000};

#ifdef __CLASSIC_C__
int main(argc, argv) int argc; char *argv[];
#else
int main(int argc, char *argv[])
#endif
{
  int require = 0;
  require += info_little[argc];
  require += info_big[argc];
  (void)argv;
  return require;
}


Build output check failed:
    Regex: 'unrecognized .*option'
    Output line: 'cc1: warning: unrecognized command line option "-Wno-misleading-indentation"'
Compilation failed:
    source file: '/home/dida/Desktop/OpneCV/opencv/CMakeFiles/CMakeTmp/src.c'
    check option: ' -Wno-misleading-indentation'
===== BUILD LOG =====
Change Dir: /home/dida/Desktop/OpneCV/opencv/CMakeFiles/CMakeTmp

Run Build Command:"/usr/bin/make" "cmTC_b8b1a/fast"
/usr/bin/make -f CMakeFiles/cmTC_b8b1a.dir/build.make CMakeFiles/cmTC_b8b1a.dir/build
make[1]: Entering directory '/home/dida/Desktop/OpneCV/opencv/CMakeFiles/CMakeTmp'
Building C object CMakeFiles/cmTC_b8b1a.dir/src.c.o
/usr/bin/cc    -fsigned-char -W -Wall -Werror=return-type -Werror=non-virtual-dtor -Werror=address -Werror=sequence-point -Wformat -Werror=format-security   -Wstrict-prototypes  -Winit-self -Wpointer-arith  -Wuninitialized -Winit-self -Wno-narrowing -Wno-comment -fdiagnostics-show-option -Wno-long-long -pthread -fomit-frame-pointer -ffunction-sections -fdata-sections  -msse -msse2 -msse3 -fvisibility=hidden -Wno-unused-but-set-variable -Wno-missing-prototypes -Wno-missing-declarations -Wno-undef -Wno-unused -Wno-sign-compare -Wno-cast-align -Wno-shadow -Wno-maybe-uninitialized -Wno-pointer-to-int-cast -Wno-int-to-pointer-cast  -O3 -DNDEBUG -fPIE   -Wno-misleading-indentation -o CMakeFiles/cmTC_b8b1a.dir/src.c.o   -c /home/dida/Desktop/OpneCV/opencv/CMakeFiles/CMakeTmp/src.c
/home/dida/Desktop/OpneCV/opencv/CMakeFiles/CMakeTmp/src.c:1:0: warning: ignoring #pragma   [-Wunknown-pragmas]
 #pragma
 ^
cc1: warning: unrecognized command line option "-Wno-misleading-indentation"
Linking C executable cmTC_b8b1a
/usr/bin/cmake -E cmake_link_script CMakeFiles/cmTC_b8b1a.dir/link.txt --verbose=1
/usr/bin/cc     -fsigned-char -W -Wall -Werror=return-type -Werror=non-virtual-dtor -Werror=address -Werror=sequence-point -Wformat -Werror=format-security   -Wstrict-prototypes  -Winit-self -Wpointer-arith  -Wuninitialized -Winit-self -Wno-narrowing -Wno-comment -fdiagnostics-show-option -Wno-long-long -pthread -fomit-frame-pointer -ffunction-sections -fdata-sections  -msse -msse2 -msse3 -fvisibility=hidden -Wno-unused-but-set-variable -Wno-missing-prototypes -Wno-missing-declarations -Wno-undef -Wno-unused -Wno-sign-compare -Wno-cast-align -Wno-shadow -Wno-maybe-uninitialized -Wno-pointer-to-int-cast -Wno-int-to-pointer-cast  -O3 -DNDEBUG    -Wl,--gc-sections  CMakeFiles/cmTC_b8b1a.dir/src.c.o  -o cmTC_b8b1a -rdynamic 
make[1]: Leaving directory '/home/dida/Desktop/OpneCV/opencv/CMakeFiles/CMakeTmp'

===== END =====

Build output check failed:
    Regex: 'unrecognized .*option'
    Output line: 'cc1: warning: unrecognized command line option "-Wno-pointer-compare"'
Compilation failed:
    source file: '/home/dida/Desktop/OpneCV/opencv/CMakeFiles/CMakeTmp/src.c'
    check option: ' -Wno-pointer-compare'
===== BUILD LOG =====
Change Dir: /home/dida/Desktop/OpneCV/opencv/CMakeFiles/CMakeTmp

Run Build Command:"/usr/bin/make" "cmTC_5248b/fast"
/usr/bin/make -f CMakeFiles/cmTC_5248b.dir/build.make CMakeFiles/cmTC_5248b.dir/build
make[1]: Entering directory '/home/dida/Desktop/OpneCV/opencv/CMakeFiles/CMakeTmp'
Building C object CMakeFiles/cmTC_5248b.dir/src.c.o
/usr/bin/cc    -fsigned-char -W -Wall -Werror=return-type -Werror=non-virtual-dtor -Werror=address -Werror=sequence-point -Wformat -Werror=format-security   -Wstrict-prototypes -Wundef -Winit-self -Wpointer-arith  -Wuninitialized -Winit-self -Wno-narrowing -Wno-comment -fdiagnostics-show-option -Wno-long-long -pthread -fomit-frame-pointer -ffunction-sections -fdata-sections  -msse -msse2 -msse3 -fvisibility=hidden -Wno-implicit-function-declaration -Wno-uninitialized -Wno-missing-prototypes -Wno-unused-but-set-parameter -Wno-missing-declarations -Wno-unused -Wno-shadow -Wno-sign-compare -Wno-strict-overflow  -O3 -DNDEBUG -fPIE   -Wno-pointer-compare -o CMakeFiles/cmTC_5248b.dir/src.c.o   -c /home/dida/Desktop/OpneCV/opencv/CMakeFiles/CMakeTmp/src.c
/home/dida/Desktop/OpneCV/opencv/CMakeFiles/CMakeTmp/src.c:1:0: warning: ignoring #pragma   [-Wunknown-pragmas]
 #pragma
 ^
cc1: warning: unrecognized command line option "-Wno-pointer-compare"
Linking C executable cmTC_5248b
/usr/bin/cmake -E cmake_link_script CMakeFiles/cmTC_5248b.dir/link.txt --verbose=1
/usr/bin/cc     -fsigned-char -W -Wall -Werror=return-type -Werror=non-virtual-dtor -Werror=address -Werror=sequence-point -Wformat -Werror=format-security   -Wstrict-prototypes -Wundef -Winit-self -Wpointer-arith  -Wuninitialized -Winit-self -Wno-narrowing -Wno-comment -fdiagnostics-show-option -Wno-long-long -pthread -fomit-frame-pointer -ffunction-sections -fdata-sections  -msse -msse2 -msse3 -fvisibility=hidden -Wno-implicit-function-declaration -Wno-uninitialized -Wno-missing-prototypes -Wno-unused-but-set-parameter -Wno-missing-declarations -Wno-unused -Wno-shadow -Wno-sign-compare -Wno-strict-overflow  -O3 -DNDEBUG    -Wl,--gc-sections  CMakeFiles/cmTC_5248b.dir/src.c.o  -o cmTC_5248b -rdynamic 
make[1]: Leaving directory '/home/dida/Desktop/OpneCV/opencv/CMakeFiles/CMakeTmp'

===== END =====

Build output check failed:
    Regex: 'unrecognized .*option'
    Output line: 'cc1: warning: unrecognized command line option "-Wno-absolute-value"'
Compilation failed:
    source file: '/home/dida/Desktop/OpneCV/opencv/CMakeFiles/CMakeTmp/src.c'
    check option: ' -Wno-absolute-value'
===== BUILD LOG =====
Change Dir: /home/dida/Desktop/OpneCV/opencv/CMakeFiles/CMakeTmp

Run Build Command:"/usr/bin/make" "cmTC_7174d/fast"
/usr/bin/make -f CMakeFiles/cmTC_7174d.dir/build.make CMakeFiles/cmTC_7174d.dir/build
make[1]: Entering directory '/home/dida/Desktop/OpneCV/opencv/CMakeFiles/CMakeTmp'
Building C object CMakeFiles/cmTC_7174d.dir/src.c.o
/usr/bin/cc    -fsigned-char -W -Wall -Werror=return-type -Werror=non-virtual-dtor -Werror=address -Werror=sequence-point -Wformat -Werror=format-security   -Wstrict-prototypes -Wundef -Winit-self -Wpointer-arith  -Wuninitialized -Winit-self -Wno-narrowing -Wno-comment -fdiagnostics-show-option -Wno-long-long -pthread -fomit-frame-pointer -ffunction-sections -fdata-sections  -msse -msse2 -msse3 -fvisibility=hidden -Wno-implicit-function-declaration -Wno-uninitialized -Wno-missing-prototypes -Wno-unused-but-set-parameter -Wno-missing-declarations -Wno-unused -Wno-shadow -Wno-sign-compare -Wno-strict-overflow  -O3 -DNDEBUG -fPIE   -Wno-absolute-value -o CMakeFiles/cmTC_7174d.dir/src.c.o   -c /home/dida/Desktop/OpneCV/opencv/CMakeFiles/CMakeTmp/src.c
/home/dida/Desktop/OpneCV/opencv/CMakeFiles/CMakeTmp/src.c:1:0: warning: ignoring #pragma   [-Wunknown-pragmas]
 #pragma
 ^
cc1: warning: unrecognized command line option "-Wno-absolute-value"
Linking C executable cmTC_7174d
/usr/bin/cmake -E cmake_link_script CMakeFiles/cmTC_7174d.dir/link.txt --verbose=1
/usr/bin/cc     -fsigned-char -W -Wall -Werror=return-type -Werror=non-virtual-dtor -Werror=address -Werror=sequence-point -Wformat -Werror=format-security   -Wstrict-prototypes -Wundef -Winit-self -Wpointer-arith  -Wuninitialized -Winit-self -Wno-narrowing -Wno-comment -fdiagnostics-show-option -Wno-long-long -pthread -fomit-frame-pointer -ffunction-sections -fdata-sections  -msse -msse2 -msse3 -fvisibility=hidden -Wno-implicit-function-declaration -Wno-uninitialized -Wno-missing-prototypes -Wno-unused-but-set-parameter -Wno-missing-declarations -Wno-unused -Wno-shadow -Wno-sign-compare -Wno-strict-overflow  -O3 -DNDEBUG    -Wl,--gc-sections  CMakeFiles/cmTC_7174d.dir/src.c.o  -o cmTC_7174d -rdynamic 
make[1]: Leaving directory '/home/dida/Desktop/OpneCV/opencv/CMakeFiles/CMakeTmp'

===== END =====

Build output check failed:
    Regex: 'unrecognized .*option'
    Output line: 'cc1plus: warning: unrecognized command line option ‘-Wno-misleading-indentation’'
Compilation failed:
    source file: '/home/dida/Desktop/OpneCV/opencv/CMakeFiles/CMakeTmp/src.cxx'
    check option: ' -Wno-misleading-indentation'
===== BUILD LOG =====
Change Dir: /home/dida/Desktop/OpneCV/opencv/CMakeFiles/CMakeTmp

Run Build Command:"/usr/bin/make" "cmTC_18ab6/fast"
/usr/bin/make -f CMakeFiles/cmTC_18ab6.dir/build.make CMakeFiles/cmTC_18ab6.dir/build
make[1]: Entering directory '/home/dida/Desktop/OpneCV/opencv/CMakeFiles/CMakeTmp'
Building CXX object CMakeFiles/cmTC_18ab6.dir/src.cxx.o
/usr/bin/c++     -fsigned-char -W -Wall -Werror=return-type -Werror=non-virtual-dtor -Werror=address -Werror=sequence-point -Wformat -Werror=format-security   -Winit-self -Wpointer-arith  -Wsign-promo  -Winit-self -Wno-narrowing -Wno-delete-non-virtual-dtor -Wno-comment -fdiagnostics-show-option -Wno-long-long -pthread -fomit-frame-pointer -ffunction-sections -fdata-sections  -msse -msse2 -msse3 -fvisibility=hidden -fvisibility-inlines-hidden -Wno-shadow -Wno-unused -Wno-sign-compare -Wno-undef -Wno-missing-declarations -Wno-uninitialized -Wno-switch -Wno-parentheses -Wno-array-bounds -Wno-extra -Wno-deprecated-declarations  -O3 -DNDEBUG -fPIE   -Wno-misleading-indentation -o CMakeFiles/cmTC_18ab6.dir/src.cxx.o -c /home/dida/Desktop/OpneCV/opencv/CMakeFiles/CMakeTmp/src.cxx
/home/dida/Desktop/OpneCV/opencv/CMakeFiles/CMakeTmp/src.cxx:1:0: warning: ignoring #pragma   [-Wunknown-pragmas]
 #pragma
 ^
cc1plus: warning: unrecognized command line option ‘-Wno-misleading-indentation’
Linking CXX executable cmTC_18ab6
/usr/bin/cmake -E cmake_link_script CMakeFiles/cmTC_18ab6.dir/link.txt --verbose=1
/usr/bin/c++      -fsigned-char -W -Wall -Werror=return-type -Werror=non-virtual-dtor -Werror=address -Werror=sequence-point -Wformat -Werror=format-security   -Winit-self -Wpointer-arith  -Wsign-promo  -Winit-self -Wno-narrowing -Wno-delete-non-virtual-dtor -Wno-comment -fdiagnostics-show-option -Wno-long-long -pthread -fomit-frame-pointer -ffunction-sections -fdata-sections  -msse -msse2 -msse3 -fvisibility=hidden -fvisibility-inlines-hidden -Wno-shadow -Wno-unused -Wno-sign-compare -Wno-undef -Wno-missing-declarations -Wno-uninitialized -Wno-switch -Wno-parentheses -Wno-array-bounds -Wno-extra -Wno-deprecated-declarations  -O3 -DNDEBUG    -Wl,--gc-sections  CMakeFiles/cmTC_18ab6.dir/src.cxx.o  -o cmTC_18ab6 -rdynamic 
make[1]: Leaving directory '/home/dida/Desktop/OpneCV/opencv/CMakeFiles/CMakeTmp'

===== END =====

Determining if the include file linux/videodev.h exists failed with the following output:
Change Dir: /home/dida/Desktop/OpneCV/opencv/CMakeFiles/CMakeTmp

Run Build Command:"/usr/bin/make" "cmTC_dde27/fast"
/usr/bin/make -f CMakeFiles/cmTC_dde27.dir/build.make CMakeFiles/cmTC_dde27.dir/build
make[1]: Entering directory '/home/dida/Desktop/OpneCV/opencv/CMakeFiles/CMakeTmp'
Building C object CMakeFiles/cmTC_dde27.dir/CheckIncludeFile.c.o
/usr/bin/cc    -fsigned-char -W -Wall -Werror=return-type -Werror=non-virtual-dtor -Werror=address -Werror=sequence-point -Wformat -Werror=format-security -Wmissing-declarations -Wmissing-prototypes -Wstrict-prototypes -Wundef -Winit-self -Wpointer-arith -Wshadow -Wuninitialized -Winit-self -Wno-narrowing -Wno-comment -fdiagnostics-show-option -Wno-long-long -pthread -fomit-frame-pointer -ffunction-sections -fdata-sections  -msse -msse2 -msse3 -fvisibility=hidden  -O3 -DNDEBUG -fPIE   -o CMakeFiles/cmTC_dde27.dir/CheckIncludeFile.c.o   -c /home/dida/Desktop/OpneCV/opencv/CMakeFiles/CMakeTmp/CheckIncludeFile.c
/home/dida/Desktop/OpneCV/opencv/CMakeFiles/CMakeTmp/CheckIncludeFile.c:1:28: fatal error: linux/videodev.h: No such file or directory
 #include <linux/videodev.h>
                            ^
compilation terminated.
CMakeFiles/cmTC_dde27.dir/build.make:65: recipe for target 'CMakeFiles/cmTC_dde27.dir/CheckIncludeFile.c.o' failed
make[1]: *** [CMakeFiles/cmTC_dde27.dir/CheckIncludeFile.c.o] Error 1
make[1]: Leaving directory '/home/dida/Desktop/OpneCV/opencv/CMakeFiles/CMakeTmp'
Makefile:126: recipe for target 'cmTC_dde27/fast' failed
make: *** [cmTC_dde27/fast] Error 2


Determining if the include file sys/videoio.h exists failed with the following output:
Change Dir: /home/dida/Desktop/OpneCV/opencv/CMakeFiles/CMakeTmp

Run Build Command:"/usr/bin/make" "cmTC_1eeea/fast"
/usr/bin/make -f CMakeFiles/cmTC_1eeea.dir/build.make CMakeFiles/cmTC_1eeea.dir/build
make[1]: Entering directory '/home/dida/Desktop/OpneCV/opencv/CMakeFiles/CMakeTmp'
Building C object CMakeFiles/cmTC_1eeea.dir/CheckIncludeFile.c.o
/usr/bin/cc    -fsigned-char -W -Wall -Werror=return-type -Werror=non-virtual-dtor -Werror=address -Werror=sequence-point -Wformat -Werror=format-security -Wmissing-declarations -Wmissing-prototypes -Wstrict-prototypes -Wundef -Winit-self -Wpointer-arith -Wshadow -Wuninitialized -Winit-self -Wno-narrowing -Wno-comment -fdiagnostics-show-option -Wno-long-long -pthread -fomit-frame-pointer -ffunction-sections -fdata-sections  -msse -msse2 -msse3 -fvisibility=hidden  -O3 -DNDEBUG -fPIE   -o CMakeFiles/cmTC_1eeea.dir/CheckIncludeFile.c.o   -c /home/dida/Desktop/OpneCV/opencv/CMakeFiles/CMakeTmp/CheckIncludeFile.c
/home/dida/Desktop/OpneCV/opencv/CMakeFiles/CMakeTmp/CheckIncludeFile.c:1:25: fatal error: sys/videoio.h: No such file or directory
 #include <sys/videoio.h>
                         ^
compilation terminated.
CMakeFiles/cmTC_1eeea.dir/build.make:65: recipe for target 'CMakeFiles/cmTC_1eeea.dir/CheckIncludeFile.c.o' failed
make[1]: *** [CMakeFiles/cmTC_1eeea.dir/CheckIncludeFile.c.o] Error 1
make[1]: Leaving directory '/home/dida/Desktop/OpneCV/opencv/CMakeFiles/CMakeTmp'
Makefile:126: recipe for target 'cmTC_1eeea/fast' failed
make: *** [cmTC_1eeea/fast] Error 2


Build output check failed:
    Regex: 'command line option .* is valid for .* but not for C\+\+'
    Output line: 'cc1plus: warning: command line option ‘-Wno-missing-prototypes’ is valid for C/ObjC but not for C++'
Compilation failed:
    source file: '/home/dida/Desktop/OpneCV/opencv/CMakeFiles/CMakeTmp/src.cxx'
    check option: ' -Wno-missing-prototypes'
===== BUILD LOG =====
Change Dir: /home/dida/Desktop/OpneCV/opencv/CMakeFiles/CMakeTmp

Run Build Command:"/usr/bin/make" "cmTC_3277a/fast"
/usr/bin/make -f CMakeFiles/cmTC_3277a.dir/build.make CMakeFiles/cmTC_3277a.dir/build
make[1]: Entering directory '/home/dida/Desktop/OpneCV/opencv/CMakeFiles/CMakeTmp'
Building CXX object CMakeFiles/cmTC_3277a.dir/src.cxx.o
/usr/bin/c++     -fsigned-char -W -Wall -Werror=return-type -Werror=non-virtual-dtor -Werror=address -Werror=sequence-point -Wformat -Werror=format-security -Wmissing-declarations -Wundef -Winit-self -Wpointer-arith -Wshadow -Wsign-promo -Wuninitialized -Winit-self -Wno-narrowing -Wno-delete-non-virtual-dtor -Wno-comment -fdiagnostics-show-option -Wno-long-long -pthread -fomit-frame-pointer -ffunction-sections -fdata-sections  -msse -msse2 -msse3 -fvisibility=hidden -fvisibility-inlines-hidden -Wno-deprecated  -O3 -DNDEBUG -fPIE   -Wno-missing-prototypes -o CMakeFiles/cmTC_3277a.dir/src.cxx.o -c /home/dida/Desktop/OpneCV/opencv/CMakeFiles/CMakeTmp/src.cxx
cc1plus: warning: command line option ‘-Wno-missing-prototypes’ is valid for C/ObjC but not for C++
/home/dida/Desktop/OpneCV/opencv/CMakeFiles/CMakeTmp/src.cxx:1:0: warning: ignoring #pragma   [-Wunknown-pragmas]
 #pragma
 ^
Linking CXX executable cmTC_3277a
/usr/bin/cmake -E cmake_link_script CMakeFiles/cmTC_3277a.dir/link.txt --verbose=1
/usr/bin/c++      -fsigned-char -W -Wall -Werror=return-type -Werror=non-virtual-dtor -Werror=address -Werror=sequence-point -Wformat -Werror=format-security -Wmissing-declarations -Wundef -Winit-self -Wpointer-arith -Wshadow -Wsign-promo -Wuninitialized -Winit-self -Wno-narrowing -Wno-delete-non-virtual-dtor -Wno-comment -fdiagnostics-show-option -Wno-long-long -pthread -fomit-frame-pointer -ffunction-sections -fdata-sections  -msse -msse2 -msse3 -fvisibility=hidden -fvisibility-inlines-hidden -Wno-deprecated  -O3 -DNDEBUG    -Wl,--gc-sections  CMakeFiles/cmTC_3277a.dir/src.cxx.o  -o cmTC_3277a -rdynamic 
make[1]: Leaving directory '/home/dida/Desktop/OpneCV/opencv/CMakeFiles/CMakeTmp'

===== END =====

Build output check failed:
    Regex: 'unrecognized .*option'
    Output line: 'cc1plus: warning: unrecognized command line option ‘-Wno-tautological-undefined-compare’'
Compilation failed:
    source file: '/home/dida/Desktop/OpneCV/opencv/CMakeFiles/CMakeTmp/src.cxx'
    check option: ' -Wno-tautological-undefined-compare'
===== BUILD LOG =====
Change Dir: /home/dida/Desktop/OpneCV/opencv/CMakeFiles/CMakeTmp

Run Build Command:"/usr/bin/make" "cmTC_cfb7d/fast"
/usr/bin/make -f CMakeFiles/cmTC_cfb7d.dir/build.make CMakeFiles/cmTC_cfb7d.dir/build
make[1]: Entering directory '/home/dida/Desktop/OpneCV/opencv/CMakeFiles/CMakeTmp'
Building CXX object CMakeFiles/cmTC_cfb7d.dir/src.cxx.o
/usr/bin/c++     -fsigned-char -W -Wall -Werror=return-type -Werror=non-virtual-dtor -Werror=address -Werror=sequence-point -Wformat -Werror=format-security   -Winit-self -Wpointer-arith   -Wuninitialized -Winit-self -Wno-narrowing -Wno-delete-non-virtual-dtor -Wno-comment -fdiagnostics-show-option -Wno-long-long -pthread -fomit-frame-pointer -ffunction-sections -fdata-sections  -msse -msse2 -msse3 -fvisibility=hidden -fvisibility-inlines-hidden -Wno-deprecated -Wno-missing-declarations -Wno-shadow -Wno-unused-parameter -Wno-unused-local-typedefs -Wno-sign-compare -Wno-sign-promo -Wno-undef  -O3 -DNDEBUG -fPIE   -Wno-tautological-undefined-compare -o CMakeFiles/cmTC_cfb7d.dir/src.cxx.o -c /home/dida/Desktop/OpneCV/opencv/CMakeFiles/CMakeTmp/src.cxx
/home/dida/Desktop/OpneCV/opencv/CMakeFiles/CMakeTmp/src.cxx:1:0: warning: ignoring #pragma   [-Wunknown-pragmas]
 #pragma
 ^
cc1plus: warning: unrecognized command line option ‘-Wno-tautological-undefined-compare’
Linking CXX executable cmTC_cfb7d
/usr/bin/cmake -E cmake_link_script CMakeFiles/cmTC_cfb7d.dir/link.txt --verbose=1
/usr/bin/c++      -fsigned-char -W -Wall -Werror=return-type -Werror=non-virtual-dtor -Werror=address -Werror=sequence-point -Wformat -Werror=format-security   -Winit-self -Wpointer-arith   -Wuninitialized -Winit-self -Wno-narrowing -Wno-delete-non-virtual-dtor -Wno-comment -fdiagnostics-show-option -Wno-long-long -pthread -fomit-frame-pointer -ffunction-sections -fdata-sections  -msse -msse2 -msse3 -fvisibility=hidden -fvisibility-inlines-hidden -Wno-deprecated -Wno-missing-declarations -Wno-shadow -Wno-unused-parameter -Wno-unused-local-typedefs -Wno-sign-compare -Wno-sign-promo -Wno-undef  -O3 -DNDEBUG    -Wl,--gc-sections  CMakeFiles/cmTC_cfb7d.dir/src.cxx.o  -o cmTC_cfb7d -rdynamic 
make[1]: Leaving directory '/home/dida/Desktop/OpneCV/opencv/CMakeFiles/CMakeTmp'

===== END =====

Build output check failed:
    Regex: 'unrecognized .*option'
    Output line: 'cc1plus: warning: unrecognized command line option ‘-Wno-unused-const-variable’'
Compilation failed:
    source file: '/home/dida/Desktop/OpneCV/opencv/CMakeFiles/CMakeTmp/src.cxx'
    check option: ' -Wno-unused-const-variable'
===== BUILD LOG =====
Change Dir: /home/dida/Desktop/OpneCV/opencv/CMakeFiles/CMakeTmp

Run Build Command:"/usr/bin/make" "cmTC_9f5e1/fast"
/usr/bin/make -f CMakeFiles/cmTC_9f5e1.dir/build.make CMakeFiles/cmTC_9f5e1.dir/build
make[1]: Entering directory '/home/dida/Desktop/OpneCV/opencv/CMakeFiles/CMakeTmp'
Building CXX object CMakeFiles/cmTC_9f5e1.dir/src.cxx.o
/usr/bin/c++     -fsigned-char -W -Wall -Werror=return-type -Werror=non-virtual-dtor -Werror=address -Werror=sequence-point -Wformat -Werror=format-security   -Winit-self -Wpointer-arith   -Wuninitialized -Winit-self -Wno-narrowing -Wno-delete-non-virtual-dtor -Wno-comment -fdiagnostics-show-option -Wno-long-long -pthread -fomit-frame-pointer -ffunction-sections -fdata-sections  -msse -msse2 -msse3 -fvisibility=hidden -fvisibility-inlines-hidden -Wno-deprecated -Wno-missing-declarations -Wno-shadow -Wno-unused-parameter -Wno-unused-local-typedefs -Wno-sign-compare -Wno-sign-promo -Wno-undef -Wno-ignored-qualifiers -Wno-extra -Wno-unused-function  -O3 -DNDEBUG -fPIE   -Wno-unused-const-variable -o CMakeFiles/cmTC_9f5e1.dir/src.cxx.o -c /home/dida/Desktop/OpneCV/opencv/CMakeFiles/CMakeTmp/src.cxx
/home/dida/Desktop/OpneCV/opencv/CMakeFiles/CMakeTmp/src.cxx:1:0: warning: ignoring #pragma   [-Wunknown-pragmas]
 #pragma
 ^
cc1plus: warning: unrecognized command line option ‘-Wno-unused-const-variable’
Linking CXX executable cmTC_9f5e1
/usr/bin/cmake -E cmake_link_script CMakeFiles/cmTC_9f5e1.dir/link.txt --verbose=1
/usr/bin/c++      -fsigned-char -W -Wall -Werror=return-type -Werror=non-virtual-dtor -Werror=address -Werror=sequence-point -Wformat -Werror=format-security   -Winit-self -Wpointer-arith   -Wuninitialized -Winit-self -Wno-narrowing -Wno-delete-non-virtual-dtor -Wno-comment -fdiagnostics-show-option -Wno-long-long -pthread -fomit-frame-pointer -ffunction-sections -fdata-sections  -msse -msse2 -msse3 -fvisibility=hidden -fvisibility-inlines-hidden -Wno-deprecated -Wno-missing-declarations -Wno-shadow -Wno-unused-parameter -Wno-unused-local-typedefs -Wno-sign-compare -Wno-sign-promo -Wno-undef -Wno-ignored-qualifiers -Wno-extra -Wno-unused-function  -O3 -DNDEBUG    -Wl,--gc-sections  CMakeFiles/cmTC_9f5e1.dir/src.cxx.o  -o cmTC_9f5e1 -rdynamic 
make[1]: Leaving directory '/home/dida/Desktop/OpneCV/opencv/CMakeFiles/CMakeTmp'

===== END =====

Build output check failed:
    Regex: 'unrecognized .*option'
    Output line: 'cc1plus: warning: unrecognized command line option ‘-Wno-shorten-64-to-32’'
Compilation failed:
    source file: '/home/dida/Desktop/OpneCV/opencv/CMakeFiles/CMakeTmp/src.cxx'
    check option: ' -Wno-shorten-64-to-32'
===== BUILD LOG =====
Change Dir: /home/dida/Desktop/OpneCV/opencv/CMakeFiles/CMakeTmp

Run Build Command:"/usr/bin/make" "cmTC_61f93/fast"
/usr/bin/make -f CMakeFiles/cmTC_61f93.dir/build.make CMakeFiles/cmTC_61f93.dir/build
make[1]: Entering directory '/home/dida/Desktop/OpneCV/opencv/CMakeFiles/CMakeTmp'
Building CXX object CMakeFiles/cmTC_61f93.dir/src.cxx.o
/usr/bin/c++     -fsigned-char -W -Wall -Werror=return-type -Werror=non-virtual-dtor -Werror=address -Werror=sequence-point -Wformat -Werror=format-security   -Winit-self -Wpointer-arith   -Wuninitialized -Winit-self -Wno-narrowing -Wno-delete-non-virtual-dtor -Wno-comment -fdiagnostics-show-option -Wno-long-long -pthread -fomit-frame-pointer -ffunction-sections -fdata-sections  -msse -msse2 -msse3 -fvisibility=hidden -fvisibility-inlines-hidden -Wno-deprecated -Wno-missing-declarations -Wno-shadow -Wno-unused-parameter -Wno-unused-local-typedefs -Wno-sign-compare -Wno-sign-promo -Wno-undef -Wno-ignored-qualifiers -Wno-extra -Wno-unused-function  -O3 -DNDEBUG -fPIE   -Wno-shorten-64-to-32 -o CMakeFiles/cmTC_61f93.dir/src.cxx.o -c /home/dida/Desktop/OpneCV/opencv/CMakeFiles/CMakeTmp/src.cxx
/home/dida/Desktop/OpneCV/opencv/CMakeFiles/CMakeTmp/src.cxx:1:0: warning: ignoring #pragma   [-Wunknown-pragmas]
 #pragma
 ^
cc1plus: warning: unrecognized command line option ‘-Wno-shorten-64-to-32’
Linking CXX executable cmTC_61f93
/usr/bin/cmake -E cmake_link_script CMakeFiles/cmTC_61f93.dir/link.txt --verbose=1
/usr/bin/c++      -fsigned-char -W -Wall -Werror=return-type -Werror=non-virtual-dtor -Werror=address -Werror=sequence-point -Wformat -Werror=format-security   -Winit-self -Wpointer-arith   -Wuninitialized -Winit-self -Wno-narrowing -Wno-delete-non-virtual-dtor -Wno-comment -fdiagnostics-show-option -Wno-long-long -pthread -fomit-frame-pointer -ffunction-sections -fdata-sections  -msse -msse2 -msse3 -fvisibility=hidden -fvisibility-inlines-hidden -Wno-deprecated -Wno-missing-declarations -Wno-shadow -Wno-unused-parameter -Wno-unused-local-typedefs -Wno-sign-compare -Wno-sign-promo -Wno-undef -Wno-ignored-qualifiers -Wno-extra -Wno-unused-function  -O3 -DNDEBUG    -Wl,--gc-sections  CMakeFiles/cmTC_61f93.dir/src.cxx.o  -o cmTC_61f93 -rdynamic 
make[1]: Leaving directory '/home/dida/Desktop/OpneCV/opencv/CMakeFiles/CMakeTmp'

===== END =====

Build output check failed:
    Regex: 'unrecognized .*option'
    Output line: 'cc1plus: warning: unrecognized command line option ‘-Wno-enum-compare-switch’'
Compilation failed:
    source file: '/home/dida/Desktop/OpneCV/opencv/CMakeFiles/CMakeTmp/src.cxx'
    check option: ' -Wno-enum-compare-switch'
===== BUILD LOG =====
Change Dir: /home/dida/Desktop/OpneCV/opencv/CMakeFiles/CMakeTmp

Run Build Command:"/usr/bin/make" "cmTC_619b8/fast"
/usr/bin/make -f CMakeFiles/cmTC_619b8.dir/build.make CMakeFiles/cmTC_619b8.dir/build
make[1]: Entering directory '/home/dida/Desktop/OpneCV/opencv/CMakeFiles/CMakeTmp'
Building CXX object CMakeFiles/cmTC_619b8.dir/src.cxx.o
/usr/bin/c++     -fsigned-char -W -Wall -Werror=return-type -Werror=non-virtual-dtor -Werror=address -Werror=sequence-point -Wformat -Werror=format-security   -Winit-self -Wpointer-arith   -Wuninitialized -Winit-self -Wno-narrowing -Wno-delete-non-virtual-dtor -Wno-comment -fdiagnostics-show-option -Wno-long-long -pthread -fomit-frame-pointer -ffunction-sections -fdata-sections  -msse -msse2 -msse3 -fvisibility=hidden -fvisibility-inlines-hidden -Wno-deprecated -Wno-missing-declarations -Wno-shadow -Wno-unused-parameter -Wno-unused-local-typedefs -Wno-sign-compare -Wno-sign-promo -Wno-undef -Wno-ignored-qualifiers -Wno-extra -Wno-unused-function -Wno-invalid-offsetof  -O3 -DNDEBUG -fPIE   -Wno-enum-compare-switch -o CMakeFiles/cmTC_619b8.dir/src.cxx.o -c /home/dida/Desktop/OpneCV/opencv/CMakeFiles/CMakeTmp/src.cxx
/home/dida/Desktop/OpneCV/opencv/CMakeFiles/CMakeTmp/src.cxx:1:0: warning: ignoring #pragma   [-Wunknown-pragmas]
 #pragma
 ^
cc1plus: warning: unrecognized command line option ‘-Wno-enum-compare-switch’
Linking CXX executable cmTC_619b8
/usr/bin/cmake -E cmake_link_script CMakeFiles/cmTC_619b8.dir/link.txt --verbose=1
/usr/bin/c++      -fsigned-char -W -Wall -Werror=return-type -Werror=non-virtual-dtor -Werror=address -Werror=sequence-point -Wformat -Werror=format-security   -Winit-self -Wpointer-arith   -Wuninitialized -Winit-self -Wno-narrowing -Wno-delete-non-virtual-dtor -Wno-comment -fdiagnostics-show-option -Wno-long-long -pthread -fomit-frame-pointer -ffunction-sections -fdata-sections  -msse -msse2 -msse3 -fvisibility=hidden -fvisibility-inlines-hidden -Wno-deprecated -Wno-missing-declarations -Wno-shadow -Wno-unused-parameter -Wno-unused-local-typedefs -Wno-sign-compare -Wno-sign-promo -Wno-undef -Wno-ignored-qualifiers -Wno-extra -Wno-unused-function -Wno-invalid-offsetof  -O3 -DNDEBUG    -Wl,--gc-sections  CMakeFiles/cmTC_619b8.dir/src.cxx.o  -o cmTC_619b8 -rdynamic 
make[1]: Leaving directory '/home/dida/Desktop/OpneCV/opencv/CMakeFiles/CMakeTmp'

===== END =====

